<?xml version="1.0" encoding="UTF-8"?>
<testsuite xmlns:xsi="http://www.w3.org/2001/XMLSchema-instance" xsi:noNamespaceSchemaLocation="https://maven.apache.org/surefire/maven-surefire-plugin/xsd/surefire-test-report.xsd" name="de.bund.bva.isyfact.util.logging.CombinedMarkerFactoryTest" time="0.001" tests="5" errors="0" skipped="0" failures="0">
  <properties>
[...]
</properties>
  <testcase name="testCreateSchluesselMarker" classname="de.bund.bva.isyfact.util.logging.CombinedMarkerFactoryTest" time="0"/>
  <testcase name="testCreateMarker" classname="de.bund.bva.isyfact.util.logging.CombinedMarkerFactoryTest" time="0"/>
  <testcase name="testCreateKategorieMarker" classname="de.bund.bva.isyfact.util.logging.CombinedMarkerFactoryTest" time="0"/>
  <testcase name="testCreateDatentypMarker" classname="de.bund.bva.isyfact.util.logging.CombinedMarkerFactoryTest" time="0"/>
  <testcase name="testGetKSDMarker" classname="de.bund.bva.isyfact.util.logging.CombinedMarkerFactoryTest" time="0"/>
</testsuite>